Started GET "/" for 127.0.0.1 at 2021-04-02 20:53:59 +0200
Processing by Rails::WelcomeController#index as HTML
  Rendering /Users/ramsey/.rbenv/versions/3.0.0/lib/ruby/gems/3.0.0/gems/railties-6.1.3.1/lib/rails/templates/rails/welcome/index.html.erb
  Rendered /Users/ramsey/.rbenv/versions/3.0.0/lib/ruby/gems/3.0.0/gems/railties-6.1.3.1/lib/rails/templates/rails/welcome/index.html.erb (Duration: 195.8ms | Allocations: 527)
Completed 200 OK in 1032ms (Views: 440.8ms | ActiveRecord: 0.0ms | Allocations: 4223)


Started GET "/" for 127.0.0.1 at 2021-04-02 21:23:42 +0200
  
ActionController::RoutingError (uninitialized constant HomeController):
  
Started GET "/" for 127.0.0.1 at 2021-04-02 21:23:54 +0200
  
AbstractController::ActionNotFound (The action 'index' could not be found for SiteController):
  
actionpack (6.1.3.1) lib/abstract_controller/base.rb:160:in `process'
actionview (6.1.3.1) lib/action_view/rendering.rb:39:in `process'
actionpack (6.1.3.1) lib/action_controller/metal.rb:190:in `dispatch'
actionpack (6.1.3.1) lib/action_controller/metal.rb:254:in `dispatch'
actionpack (6.1.3.1) lib/action_dispatch/routing/route_set.rb:50:in `dispatch'
actionpack (6.1.3.1) lib/action_dispatch/routing/route_set.rb:33:in `serve'
actionpack (6.1.3.1) lib/action_dispatch/journey/router.rb:50:in `block in serve'
actionpack (6.1.3.1) lib/action_dispatch/journey/router.rb:32:in `each'
actionpack (6.1.3.1) lib/action_dispatch/journey/router.rb:32:in `serve'
actionpack (6.1.3.1) lib/action_dispatch/routing/route_set.rb:842:in `call'
rack (2.2.3) lib/rack/tempfile_reaper.rb:15:in `call'
rack (2.2.3) lib/rack/etag.rb:27:in `call'
rack (2.2.3) lib/rack/conditional_get.rb:27:in `call'
rack (2.2.3) lib/rack/head.rb:12:in `call'
actionpack (6.1.3.1) lib/action_dispatch/http/permissions_policy.rb:22:in `call'
actionpack (6.1.3.1) lib/action_dispatch/http/content_security_policy.rb:18:in `call'
rack (2.2.3) lib/rack/session/abstract/id.rb:266:in `context'
rack (2.2.3) lib/rack/session/abstract/id.rb:260:in `call'
actionpack (6.1.3.1) lib/action_dispatch/middleware/cookies.rb:689:in `call'
activerecord (6.1.3.1) lib/active_record/migration.rb:601:in `call'
actionpack (6.1.3.1) lib/action_dispatch/middleware/callbacks.rb:27:in `block in call'
activesupport (6.1.3.1) lib/active_support/callbacks.rb:98:in `run_callbacks'
actionpack (6.1.3.1) lib/action_dispatch/middleware/callbacks.rb:26:in `call'
actionpack (6.1.3.1) lib/action_dispatch/middleware/executor.rb:14:in `call'
actionpack (6.1.3.1) lib/action_dispatch/middleware/actionable_exceptions.rb:18:in `call'
actionpack (6.1.3.1) lib/action_dispatch/middleware/debug_exceptions.rb:29:in `call'
web-console (4.1.0) lib/web_console/middleware.rb:132:in `call_app'
web-console (4.1.0) lib/web_console/middleware.rb:28:in `block in call'
web-console (4.1.0) lib/web_console/middleware.rb:17:in `catch'
web-console (4.1.0) lib/web_console/middleware.rb:17:in `call'
actionpack (6.1.3.1) lib/action_dispatch/middleware/show_exceptions.rb:33:in `call'
railties (6.1.3.1) lib/rails/rack/logger.rb:37:in `call_app'
railties (6.1.3.1) lib/rails/rack/logger.rb:26:in `block in call'
activesupport (6.1.3.1) lib/active_support/tagged_logging.rb:99:in `block in tagged'
activesupport (6.1.3.1) lib/active_support/tagged_logging.rb:37:in `tagged'
activesupport (6.1.3.1) lib/active_support/tagged_logging.rb:99:in `tagged'
railties (6.1.3.1) lib/rails/rack/logger.rb:26:in `call'
sprockets-rails (3.2.2) lib/sprockets/rails/quiet_assets.rb:13:in `call'
actionpack (6.1.3.1) lib/action_dispatch/middleware/remote_ip.rb:81:in `call'
actionpack (6.1.3.1) lib/action_dispatch/middleware/request_id.rb:26:in `call'
rack (2.2.3) lib/rack/method_override.rb:24:in `call'
rack (2.2.3) lib/rack/runtime.rb:22:in `call'
activesupport (6.1.3.1) lib/active_support/cache/strategy/local_cache_middleware.rb:29:in `call'
actionpack (6.1.3.1) lib/action_dispatch/middleware/executor.rb:14:in `call'
actionpack (6.1.3.1) lib/action_dispatch/middleware/static.rb:24:in `call'
rack (2.2.3) lib/rack/sendfile.rb:110:in `call'
actionpack (6.1.3.1) lib/action_dispatch/middleware/host_authorization.rb:98:in `call'
rack-mini-profiler (2.3.1) lib/mini_profiler/profiler.rb:373:in `call'
webpacker (5.2.1) lib/webpacker/dev_server_proxy.rb:25:in `perform_request'
rack-proxy (0.6.5) lib/rack/proxy.rb:57:in `call'
railties (6.1.3.1) lib/rails/engine.rb:539:in `call'
puma (5.2.2) lib/puma/configuration.rb:248:in `call'
puma (5.2.2) lib/puma/request.rb:76:in `block in handle_request'
puma (5.2.2) lib/puma/thread_pool.rb:337:in `with_force_shutdown'
puma (5.2.2) lib/puma/request.rb:75:in `handle_request'
puma (5.2.2) lib/puma/server.rb:431:in `process_client'
puma (5.2.2) lib/puma/thread_pool.rb:145:in `block in spawn_thread'
Started GET "/" for 127.0.0.1 at 2021-04-02 21:24:39 +0200
Processing by SiteController#index as HTML
  Rendering layout layouts/application.html.erb
  Rendering site/index.html.erb within layouts/application
  Rendered site/index.html.erb within layouts/application (Duration: 2.1ms | Allocations: 109)
[Webpacker] Compiling...
[Webpacker] Compilation failed:
yarn run v1.22.10
info Visit https://yarnpkg.com/en/docs/cli/run for documentation about this command.


error Command "webpack" not found.

  Rendered layout layouts/application.html.erb (Duration: 5530.5ms | Allocations: 15437)
Completed 500 Internal Server Error in 5655ms (ActiveRecord: 0.0ms | Allocations: 17633)


  
ActionView::Template::Error (Webpacker can't find application.js in /Users/ramsey/Documents/Projects/ABB/dotRamsey-final/public/packs/manifest.json. Possible causes:
1. You want to set webpacker.yml value of compile to true for your environment
   unless you are using the `webpack -w` or the webpack-dev-server.
2. webpack has not yet re-run to reflect updates.
3. You have misconfigured Webpacker's config/webpacker.yml file.
4. Your webpack configuration is not creating a manifest.
Your manifest contains:
{
}
):
     7:     <%= csp_meta_tag %>
     8: 
     9:     <%= stylesheet_link_tag 'application', media: 'all', 'data-turbolinks-track': 'reload' %>
    10:     <%= javascript_pack_tag 'application', 'data-turbolinks-track': 'reload' %>
    11:   </head>
    12: 
    13:   <body>
  
app/views/layouts/application.html.erb:10
Started GET "/" for 127.0.0.1 at 2021-04-02 21:26:54 +0200
Processing by SiteController#index as HTML
  Rendering layout layouts/application.html.erb
  Rendering site/index.html.erb within layouts/application
  Rendered site/index.html.erb within layouts/application (Duration: 1.8ms | Allocations: 291)
[Webpacker] Compiling...
[Webpacker] Compilation failed:
yarn run v1.22.10
info Visit https://yarnpkg.com/en/docs/cli/run for documentation about this command.


error Command "webpack" not found.

  Rendered layout layouts/application.html.erb (Duration: 3524.4ms | Allocations: 8402)
Completed 500 Internal Server Error in 3573ms (ActiveRecord: 0.0ms | Allocations: 11409)


  
ActionView::Template::Error (Webpacker can't find application.js in /Users/ramsey/Documents/Projects/ABB/dotRamsey-final/public/packs/manifest.json. Possible causes:
1. You want to set webpacker.yml value of compile to true for your environment
   unless you are using the `webpack -w` or the webpack-dev-server.
2. webpack has not yet re-run to reflect updates.
3. You have misconfigured Webpacker's config/webpacker.yml file.
4. Your webpack configuration is not creating a manifest.
Your manifest contains:
{
}
):
     7:     <%= csp_meta_tag %>
     8: 
     9:     <%= stylesheet_link_tag 'application', media: 'all', 'data-turbolinks-track': 'reload' %>
    10:     <%= javascript_pack_tag 'application', 'data-turbolinks-track': 'reload' %>
    11:   </head>
    12: 
    13:   <body>
  
app/views/layouts/application.html.erb:10
Started GET "/" for 127.0.0.1 at 2021-04-02 21:27:01 +0200
Processing by SiteController#index as HTML
  Rendering layout layouts/application.html.erb
  Rendering site/index.html.erb within layouts/application
  Rendered site/index.html.erb within layouts/application (Duration: 0.1ms | Allocations: 39)
[Webpacker] Compiling...
[Webpacker] Compilation failed:
yarn run v1.22.10
info Visit https://yarnpkg.com/en/docs/cli/run for documentation about this command.


error Command "webpack" not found.

  Rendered layout layouts/application.html.erb (Duration: 3705.2ms | Allocations: 5192)
Completed 500 Internal Server Error in 3708ms (ActiveRecord: 0.0ms | Allocations: 5551)


  
ActionView::Template::Error (Webpacker can't find application.js in /Users/ramsey/Documents/Projects/ABB/dotRamsey-final/public/packs/manifest.json. Possible causes:
1. You want to set webpacker.yml value of compile to true for your environment
   unless you are using the `webpack -w` or the webpack-dev-server.
2. webpack has not yet re-run to reflect updates.
3. You have misconfigured Webpacker's config/webpacker.yml file.
4. Your webpack configuration is not creating a manifest.
Your manifest contains:
{
}
):
     7:     <%= csp_meta_tag %>
     8: 
     9:     <%= stylesheet_link_tag 'application', media: 'all', 'data-turbolinks-track': 'reload' %>
    10:     <%= javascript_pack_tag 'application', 'data-turbolinks-track': 'reload' %>
    11:   </head>
    12: 
    13:   <body>
  
app/views/layouts/application.html.erb:10
Started GET "/" for 127.0.0.1 at 2021-04-02 21:28:49 +0200
Processing by SiteController#index as HTML
  Rendering layout layouts/application.html.erb
  Rendering site/index.html.erb within layouts/application
  Rendered site/index.html.erb within layouts/application (Duration: 2.4ms | Allocations: 291)
[Webpacker] Compiling...
[Webpacker] Compilation failed:
yarn run v1.22.10
info Visit https://yarnpkg.com/en/docs/cli/run for documentation about this command.


error Command "webpack" not found.

  Rendered layout layouts/application.html.erb (Duration: 2968.8ms | Allocations: 8401)
Completed 500 Internal Server Error in 3013ms (ActiveRecord: 0.0ms | Allocations: 11408)


  
ActionView::Template::Error (Webpacker can't find application.js in /Users/ramsey/Documents/Projects/ABB/dotRamsey-final/public/packs/manifest.json. Possible causes:
1. You want to set webpacker.yml value of compile to true for your environment
   unless you are using the `webpack -w` or the webpack-dev-server.
2. webpack has not yet re-run to reflect updates.
3. You have misconfigured Webpacker's config/webpacker.yml file.
4. Your webpack configuration is not creating a manifest.
Your manifest contains:
{
}
):
     7:     <%= csp_meta_tag %>
     8: 
     9:     <%= stylesheet_link_tag 'application', media: 'all', 'data-turbolinks-track': 'reload' %>
    10:     <%= javascript_pack_tag 'application', 'data-turbolinks-track': 'reload' %>
    11:   </head>
    12: 
    13:   <body>
  
app/views/layouts/application.html.erb:10
Started GET "/" for 127.0.0.1 at 2021-04-02 21:28:56 +0200
Processing by SiteController#index as HTML
  Rendering layout layouts/application.html.erb
  Rendering site/index.html.erb within layouts/application
  Rendered site/index.html.erb within layouts/application (Duration: 0.1ms | Allocations: 39)
[Webpacker] Compiling...
[Webpacker] Compilation failed:
yarn run v1.22.10
info Visit https://yarnpkg.com/en/docs/cli/run for documentation about this command.


error Command "webpack" not found.

  Rendered layout layouts/application.html.erb (Duration: 2826.7ms | Allocations: 5191)
Completed 500 Internal Server Error in 2830ms (ActiveRecord: 0.0ms | Allocations: 5550)


  
ActionView::Template::Error (Webpacker can't find application.js in /Users/ramsey/Documents/Projects/ABB/dotRamsey-final/public/packs/manifest.json. Possible causes:
1. You want to set webpacker.yml value of compile to true for your environment
   unless you are using the `webpack -w` or the webpack-dev-server.
2. webpack has not yet re-run to reflect updates.
3. You have misconfigured Webpacker's config/webpacker.yml file.
4. Your webpack configuration is not creating a manifest.
Your manifest contains:
{
}
):
     7:     <%= csp_meta_tag %>
     8: 
     9:     <%= stylesheet_link_tag 'application', media: 'all', 'data-turbolinks-track': 'reload' %>
    10:     <%= javascript_pack_tag 'application', 'data-turbolinks-track': 'reload' %>
    11:   </head>
    12: 
    13:   <body>
  
app/views/layouts/application.html.erb:10
Started GET "/" for 127.0.0.1 at 2021-04-02 21:30:18 +0200
Processing by SiteController#index as HTML
  Rendering layout layouts/application.html.erb
  Rendering site/index.html.erb within layouts/application
  Rendered site/index.html.erb within layouts/application (Duration: 2.5ms | Allocations: 291)
[Webpacker] Compiling...
Started GET "/" for 127.0.0.1 at 2021-04-02 21:30:19 +0200
Processing by SiteController#index as HTML
  Rendering layout layouts/application.html.erb
  Rendering site/index.html.erb within layouts/application
  Rendered site/index.html.erb within layouts/application (Duration: 0.1ms | Allocations: 39)
[Webpacker] Compiling...
[Webpacker] Compilation failed:
yarn run v1.22.10
info Visit https://yarnpkg.com/en/docs/cli/run for documentation about this command.


error Command "webpack" not found.

  Rendered layout layouts/application.html.erb (Duration: 4412.1ms | Allocations: 13710)
Completed 500 Internal Server Error in 4471ms (ActiveRecord: 0.0ms | Allocations: 16717)


  
ActionView::Template::Error (Webpacker can't find application.js in /Users/ramsey/Documents/Projects/ABB/dotRamsey-final/public/packs/manifest.json. Possible causes:
1. You want to set webpacker.yml value of compile to true for your environment
   unless you are using the `webpack -w` or the webpack-dev-server.
2. webpack has not yet re-run to reflect updates.
3. You have misconfigured Webpacker's config/webpacker.yml file.
4. Your webpack configuration is not creating a manifest.
Your manifest contains:
{
}
):
     7:     <%= csp_meta_tag %>
     8: 
     9:     <%= stylesheet_link_tag 'application', media: 'all', 'data-turbolinks-track': 'reload' %>
    10:     <%= javascript_pack_tag 'application', 'data-turbolinks-track': 'reload' %>
    11:   </head>
    12: 
    13:   <body>
  
app/views/layouts/application.html.erb:10
[Webpacker] Compilation failed:
yarn run v1.22.10
info Visit https://yarnpkg.com/en/docs/cli/run for documentation about this command.


error Command "webpack" not found.

  Rendered layout layouts/application.html.erb (Duration: 4297.9ms | Allocations: 174664)
Completed 500 Internal Server Error in 4300ms (ActiveRecord: 0.0ms | Allocations: 175023)


  
ActionView::Template::Error (Webpacker can't find application.js in /Users/ramsey/Documents/Projects/ABB/dotRamsey-final/public/packs/manifest.json. Possible causes:
1. You want to set webpacker.yml value of compile to true for your environment
   unless you are using the `webpack -w` or the webpack-dev-server.
2. webpack has not yet re-run to reflect updates.
3. You have misconfigured Webpacker's config/webpacker.yml file.
4. Your webpack configuration is not creating a manifest.
Your manifest contains:
{
}
):
     7:     <%= csp_meta_tag %>
     8: 
     9:     <%= stylesheet_link_tag 'application', media: 'all', 'data-turbolinks-track': 'reload' %>
    10:     <%= javascript_pack_tag 'application', 'data-turbolinks-track': 'reload' %>
    11:   </head>
    12: 
    13:   <body>
  
app/views/layouts/application.html.erb:10
Started GET "/" for 127.0.0.1 at 2021-04-02 21:31:21 +0200
Processing by SiteController#index as HTML
  Rendering layout layouts/application.html.erb
  Rendering site/index.html.erb within layouts/application
  Rendered site/index.html.erb within layouts/application (Duration: 0.2ms | Allocations: 39)
[Webpacker] Compiling...
[Webpacker] Compilation failed:
yarn run v1.22.10
info Visit https://yarnpkg.com/en/docs/cli/run for documentation about this command.


error Command "webpack" not found.

  Rendered layout layouts/application.html.erb (Duration: 5216.4ms | Allocations: 5194)
Completed 500 Internal Server Error in 5219ms (ActiveRecord: 0.0ms | Allocations: 5546)


  
ActionView::Template::Error (Webpacker can't find application.js in /Users/ramsey/Documents/Projects/ABB/dotRamsey-final/public/packs/manifest.json. Possible causes:
1. You want to set webpacker.yml value of compile to true for your environment
   unless you are using the `webpack -w` or the webpack-dev-server.
2. webpack has not yet re-run to reflect updates.
3. You have misconfigured Webpacker's config/webpacker.yml file.
4. Your webpack configuration is not creating a manifest.
Your manifest contains:
{
}
):
     7:     <%= csp_meta_tag %>
     8: 
     9:     <%= stylesheet_link_tag 'application', media: 'all', 'data-turbolinks-track': 'reload' %>
    10:     <%= javascript_pack_tag 'application', 'data-turbolinks-track': 'reload' %>
    11:   </head>
    12: 
    13:   <body>
  
app/views/layouts/application.html.erb:10
Started GET "/" for 127.0.0.1 at 2021-04-02 21:34:15 +0200
Processing by SiteController#index as HTML
  Rendering layout layouts/application.html.erb
  Rendering site/index.html.erb within layouts/application
  Rendered site/index.html.erb within layouts/application (Duration: 3.9ms | Allocations: 291)
[Webpacker] Compiling...
[Webpacker] Compilation failed:
[webpack-cli] Failed to load '/Users/ramsey/Documents/Projects/ABB/dotRamsey-final/config/webpack/development.js' config
[webpack-cli] TypeError: Cannot read property 'toWebpackConfig' of undefined
    at Object.<anonymous> (/Users/ramsey/Documents/Projects/ABB/dotRamsey-final/config/webpack/development.js:5:30)
    at Module._compile (/Users/ramsey/Documents/Projects/ABB/dotRamsey-final/node_modules/v8-compile-cache/v8-compile-cache.js:192:30)
    at Object.Module._extensions..js (internal/modules/cjs/loader.js:1092:10)
    at Module.load (internal/modules/cjs/loader.js:928:32)
    at Function.Module._load (internal/modules/cjs/loader.js:769:14)
    at Module.require (internal/modules/cjs/loader.js:952:19)
    at require (/Users/ramsey/Documents/Projects/ABB/dotRamsey-final/node_modules/v8-compile-cache/v8-compile-cache.js:159:20)
    at loadConfig (/Users/ramsey/Documents/Projects/ABB/dotRamsey-final/node_modules/webpack-cli/lib/webpack-cli.js:1322:31)
    at /Users/ramsey/Documents/Projects/ABB/dotRamsey-final/node_modules/webpack-cli/lib/webpack-cli.js:1409:74
    at Array.map (<anonymous>)

  Rendered layout layouts/application.html.erb (Duration: 3882.9ms | Allocations: 8484)
Completed 500 Internal Server Error in 3928ms (ActiveRecord: 0.0ms | Allocations: 11491)


  
ActionView::Template::Error (Webpacker can't find application.js in /Users/ramsey/Documents/Projects/ABB/dotRamsey-final/public/packs/manifest.json. Possible causes:
1. You want to set webpacker.yml value of compile to true for your environment
   unless you are using the `webpack -w` or the webpack-dev-server.
2. webpack has not yet re-run to reflect updates.
3. You have misconfigured Webpacker's config/webpacker.yml file.
4. Your webpack configuration is not creating a manifest.
Your manifest contains:
{
}
):
     7:     <%= csp_meta_tag %>
     8: 
     9:     <%= stylesheet_link_tag 'application', media: 'all', 'data-turbolinks-track': 'reload' %>
    10:     <%= javascript_pack_tag 'application', 'data-turbolinks-track': 'reload' %>
    11:   </head>
    12: 
    13:   <body>
  
app/views/layouts/application.html.erb:10
Started GET "/" for 127.0.0.1 at 2021-04-02 21:34:23 +0200
Processing by SiteController#index as HTML
  Rendering layout layouts/application.html.erb
  Rendering site/index.html.erb within layouts/application
  Rendered site/index.html.erb within layouts/application (Duration: 0.2ms | Allocations: 39)
[Webpacker] Compiling...
[Webpacker] Compilation failed:
[webpack-cli] Failed to load '/Users/ramsey/Documents/Projects/ABB/dotRamsey-final/config/webpack/development.js' config
[webpack-cli] TypeError: Cannot read property 'toWebpackConfig' of undefined
    at Object.<anonymous> (/Users/ramsey/Documents/Projects/ABB/dotRamsey-final/config/webpack/development.js:5:30)
    at Module._compile (/Users/ramsey/Documents/Projects/ABB/dotRamsey-final/node_modules/v8-compile-cache/v8-compile-cache.js:192:30)
    at Object.Module._extensions..js (internal/modules/cjs/loader.js:1092:10)
    at Module.load (internal/modules/cjs/loader.js:928:32)
    at Function.Module._load (internal/modules/cjs/loader.js:769:14)
    at Module.require (internal/modules/cjs/loader.js:952:19)
    at require (/Users/ramsey/Documents/Projects/ABB/dotRamsey-final/node_modules/v8-compile-cache/v8-compile-cache.js:159:20)
    at loadConfig (/Users/ramsey/Documents/Projects/ABB/dotRamsey-final/node_modules/webpack-cli/lib/webpack-cli.js:1322:31)
    at /Users/ramsey/Documents/Projects/ABB/dotRamsey-final/node_modules/webpack-cli/lib/webpack-cli.js:1409:74
    at Array.map (<anonymous>)

  Rendered layout layouts/application.html.erb (Duration: 2970.2ms | Allocations: 5191)
Completed 500 Internal Server Error in 2972ms (ActiveRecord: 0.0ms | Allocations: 5550)


  
ActionView::Template::Error (Webpacker can't find application.js in /Users/ramsey/Documents/Projects/ABB/dotRamsey-final/public/packs/manifest.json. Possible causes:
1. You want to set webpacker.yml value of compile to true for your environment
   unless you are using the `webpack -w` or the webpack-dev-server.
2. webpack has not yet re-run to reflect updates.
3. You have misconfigured Webpacker's config/webpacker.yml file.
4. Your webpack configuration is not creating a manifest.
Your manifest contains:
{
}
):
     7:     <%= csp_meta_tag %>
     8: 
     9:     <%= stylesheet_link_tag 'application', media: 'all', 'data-turbolinks-track': 'reload' %>
    10:     <%= javascript_pack_tag 'application', 'data-turbolinks-track': 'reload' %>
    11:   </head>
    12: 
    13:   <body>
  
app/views/layouts/application.html.erb:10
Started GET "/" for 127.0.0.1 at 2021-04-02 21:37:09 +0200
Processing by SiteController#index as HTML
  Rendering layout layouts/application.html.erb
  Rendering site/index.html.erb within layouts/application
  Rendered site/index.html.erb within layouts/application (Duration: 1.6ms | Allocations: 291)
[Webpacker] Compiling...
Started GET "/" for 127.0.0.1 at 2021-04-02 21:37:11 +0200
Processing by SiteController#index as HTML
  Rendering layout layouts/application.html.erb
  Rendering site/index.html.erb within layouts/application
  Rendered site/index.html.erb within layouts/application (Duration: 0.2ms | Allocations: 39)
[Webpacker] Compiling...
[Webpacker] Compilation failed:
[webpack-cli] Failed to load '/Users/ramsey/Documents/Projects/ABB/dotRamsey-final/config/webpack/development.js' config
[webpack-cli] TypeError: Cannot read property 'toWebpackConfig' of undefined
    at Object.<anonymous> (/Users/ramsey/Documents/Projects/ABB/dotRamsey-final/config/webpack/development.js:5:30)
    at Module._compile (/Users/ramsey/Documents/Projects/ABB/dotRamsey-final/node_modules/v8-compile-cache/v8-compile-cache.js:192:30)
    at Object.Module._extensions..js (internal/modules/cjs/loader.js:1092:10)
    at Module.load (internal/modules/cjs/loader.js:928:32)
    at Function.Module._load (internal/modules/cjs/loader.js:769:14)
    at Module.require (internal/modules/cjs/loader.js:952:19)
    at require (/Users/ramsey/Documents/Projects/ABB/dotRamsey-final/node_modules/v8-compile-cache/v8-compile-cache.js:159:20)
    at loadConfig (/Users/ramsey/Documents/Projects/ABB/dotRamsey-final/node_modules/webpack-cli/lib/webpack-cli.js:1322:31)
    at /Users/ramsey/Documents/Projects/ABB/dotRamsey-final/node_modules/webpack-cli/lib/webpack-cli.js:1409:74
    at Array.map (<anonymous>)

  Rendered layout layouts/application.html.erb (Duration: 2723.0ms | Allocations: 13701)
Completed 500 Internal Server Error in 2766ms (ActiveRecord: 0.0ms | Allocations: 16708)


  
ActionView::Template::Error (Webpacker can't find application.js in /Users/ramsey/Documents/Projects/ABB/dotRamsey-final/public/packs/manifest.json. Possible causes:
1. You want to set webpacker.yml value of compile to true for your environment
   unless you are using the `webpack -w` or the webpack-dev-server.
2. webpack has not yet re-run to reflect updates.
3. You have misconfigured Webpacker's config/webpacker.yml file.
4. Your webpack configuration is not creating a manifest.
Your manifest contains:
{
}
):
     7:     <%= csp_meta_tag %>
     8: 
     9:     <%= stylesheet_link_tag 'application', media: 'all', 'data-turbolinks-track': 'reload' %>
    10:     <%= javascript_pack_tag 'application', 'data-turbolinks-track': 'reload' %>
    11:   </head>
    12: 
    13:   <body>
  
app/views/layouts/application.html.erb:10
[Webpacker] Compilation failed:
[webpack-cli] Failed to load '/Users/ramsey/Documents/Projects/ABB/dotRamsey-final/config/webpack/development.js' config
[webpack-cli] TypeError: Cannot read property 'toWebpackConfig' of undefined
    at Object.<anonymous> (/Users/ramsey/Documents/Projects/ABB/dotRamsey-final/config/webpack/development.js:5:30)
    at Module._compile (/Users/ramsey/Documents/Projects/ABB/dotRamsey-final/node_modules/v8-compile-cache/v8-compile-cache.js:192:30)
    at Object.Module._extensions..js (internal/modules/cjs/loader.js:1092:10)
    at Module.load (internal/modules/cjs/loader.js:928:32)
    at Function.Module._load (internal/modules/cjs/loader.js:769:14)
    at Module.require (internal/modules/cjs/loader.js:952:19)
    at require (/Users/ramsey/Documents/Projects/ABB/dotRamsey-final/node_modules/v8-compile-cache/v8-compile-cache.js:159:20)
    at loadConfig (/Users/ramsey/Documents/Projects/ABB/dotRamsey-final/node_modules/webpack-cli/lib/webpack-cli.js:1322:31)
    at /Users/ramsey/Documents/Projects/ABB/dotRamsey-final/node_modules/webpack-cli/lib/webpack-cli.js:1409:74
    at Array.map (<anonymous>)

  Rendered layout layouts/application.html.erb (Duration: 2927.3ms | Allocations: 174662)
Completed 500 Internal Server Error in 2934ms (ActiveRecord: 0.0ms | Allocations: 175021)


  
ActionView::Template::Error (Webpacker can't find application.js in /Users/ramsey/Documents/Projects/ABB/dotRamsey-final/public/packs/manifest.json. Possible causes:
1. You want to set webpacker.yml value of compile to true for your environment
   unless you are using the `webpack -w` or the webpack-dev-server.
2. webpack has not yet re-run to reflect updates.
3. You have misconfigured Webpacker's config/webpacker.yml file.
4. Your webpack configuration is not creating a manifest.
Your manifest contains:
{
}
):
     7:     <%= csp_meta_tag %>
     8: 
     9:     <%= stylesheet_link_tag 'application', media: 'all', 'data-turbolinks-track': 'reload' %>
    10:     <%= javascript_pack_tag 'application', 'data-turbolinks-track': 'reload' %>
    11:   </head>
    12: 
    13:   <body>
  
app/views/layouts/application.html.erb:10
Started GET "/" for 127.0.0.1 at 2021-04-02 21:41:50 +0200
Processing by SiteController#index as HTML
  Rendering layout layouts/application.html.erb
  Rendering site/index.html.erb within layouts/application
  Rendered site/index.html.erb within layouts/application (Duration: 1.7ms | Allocations: 291)
[Webpacker] Compiling...
[Webpacker] Compilation failed:
CLI for webpack must be installed.
  webpack-cli (https://github.com/webpack/webpack-cli)

We will use "yarn" to install the CLI via "yarn add -D webpack-cli".
Do you want to install 'webpack-cli' (yes/no): 
  Rendered layout layouts/application.html.erb (Duration: 1841.1ms | Allocations: 8400)
Completed 500 Internal Server Error in 1877ms (ActiveRecord: 0.0ms | Allocations: 11407)


  
ActionView::Template::Error (Webpacker can't find application.js in /Users/ramsey/Documents/Projects/ABB/dotRamsey-final/public/packs/manifest.json. Possible causes:
1. You want to set webpacker.yml value of compile to true for your environment
   unless you are using the `webpack -w` or the webpack-dev-server.
2. webpack has not yet re-run to reflect updates.
3. You have misconfigured Webpacker's config/webpacker.yml file.
4. Your webpack configuration is not creating a manifest.
Your manifest contains:
{
}
):
     7:     <%= csp_meta_tag %>
     8: 
     9:     <%= stylesheet_link_tag 'application', media: 'all', 'data-turbolinks-track': 'reload' %>
    10:     <%= javascript_pack_tag 'application', 'data-turbolinks-track': 'reload' %>
    11:   </head>
    12: 
    13:   <body>
  
app/views/layouts/application.html.erb:10
Started GET "/" for 127.0.0.1 at 2021-04-02 21:41:56 +0200
Processing by SiteController#index as HTML
  Rendering layout layouts/application.html.erb
  Rendering site/index.html.erb within layouts/application
  Rendered site/index.html.erb within layouts/application (Duration: 0.2ms | Allocations: 39)
[Webpacker] Compiling...
Started GET "/" for 127.0.0.1 at 2021-04-02 21:41:57 +0200
Processing by SiteController#index as HTML
  Rendering layout layouts/application.html.erb
  Rendering site/index.html.erb within layouts/application
  Rendered site/index.html.erb within layouts/application (Duration: 0.2ms | Allocations: 39)
[Webpacker] Compiling...
[Webpacker] Compilation failed:
CLI for webpack must be installed.
  webpack-cli (https://github.com/webpack/webpack-cli)

We will use "yarn" to install the CLI via "yarn add -D webpack-cli".
Do you want to install 'webpack-cli' (yes/no): 
  Rendered layout layouts/application.html.erb (Duration: 2066.9ms | Allocations: 10477)
Completed 500 Internal Server Error in 2069ms (ActiveRecord: 0.0ms | Allocations: 10836)


  
ActionView::Template::Error (Webpacker can't find application.js in /Users/ramsey/Documents/Projects/ABB/dotRamsey-final/public/packs/manifest.json. Possible causes:
1. You want to set webpacker.yml value of compile to true for your environment
   unless you are using the `webpack -w` or the webpack-dev-server.
2. webpack has not yet re-run to reflect updates.
3. You have misconfigured Webpacker's config/webpacker.yml file.
4. Your webpack configuration is not creating a manifest.
Your manifest contains:
{
}
):
     7:     <%= csp_meta_tag %>
     8: 
     9:     <%= stylesheet_link_tag 'application', media: 'all', 'data-turbolinks-track': 'reload' %>
    10:     <%= javascript_pack_tag 'application', 'data-turbolinks-track': 'reload' %>
    11:   </head>
    12: 
    13:   <body>
  
app/views/layouts/application.html.erb:10
[Webpacker] Compilation failed:
CLI for webpack must be installed.
  webpack-cli (https://github.com/webpack/webpack-cli)

We will use "yarn" to install the CLI via "yarn add -D webpack-cli".
Do you want to install 'webpack-cli' (yes/no): 
  Rendered layout layouts/application.html.erb (Duration: 3236.5ms | Allocations: 171720)
Completed 500 Internal Server Error in 3238ms (ActiveRecord: 0.0ms | Allocations: 172077)


  
ActionView::Template::Error (Webpacker can't find application.js in /Users/ramsey/Documents/Projects/ABB/dotRamsey-final/public/packs/manifest.json. Possible causes:
1. You want to set webpacker.yml value of compile to true for your environment
   unless you are using the `webpack -w` or the webpack-dev-server.
2. webpack has not yet re-run to reflect updates.
3. You have misconfigured Webpacker's config/webpacker.yml file.
4. Your webpack configuration is not creating a manifest.
Your manifest contains:
{
}
):
     7:     <%= csp_meta_tag %>
     8: 
     9:     <%= stylesheet_link_tag 'application', media: 'all', 'data-turbolinks-track': 'reload' %>
    10:     <%= javascript_pack_tag 'application', 'data-turbolinks-track': 'reload' %>
    11:   </head>
    12: 
    13:   <body>
  
app/views/layouts/application.html.erb:10
  [1m[35m (15.7ms)[0m  [1m[35mCREATE DATABASE `dotRamsey_final_development` DEFAULT CHARACTER SET `utf8mb4`[0m
  [1m[35m (0.9ms)[0m  [1m[35mCREATE DATABASE `dotRamsey_final_test` DEFAULT CHARACTER SET `utf8mb4`[0m
Started GET "/" for 127.0.0.1 at 2021-04-02 21:44:38 +0200
Processing by SiteController#index as HTML
  Rendering layout layouts/application.html.erb
  Rendering site/index.html.erb within layouts/application
  Rendered site/index.html.erb within layouts/application (Duration: 2.0ms | Allocations: 291)
[Webpacker] Compiling...
[Webpacker] Compilation failed:
CLI for webpack must be installed.
  webpack-cli (https://github.com/webpack/webpack-cli)

We will use "yarn" to install the CLI via "yarn add -D webpack-cli".
Do you want to install 'webpack-cli' (yes/no): 
  Rendered layout layouts/application.html.erb (Duration: 7902.2ms | Allocations: 8412)
Completed 500 Internal Server Error in 7996ms (ActiveRecord: 0.0ms | Allocations: 11419)


  
ActionView::Template::Error (Webpacker can't find application.js in /Users/ramsey/Documents/Projects/ABB/dotRamsey-final/public/packs/manifest.json. Possible causes:
1. You want to set webpacker.yml value of compile to true for your environment
   unless you are using the `webpack -w` or the webpack-dev-server.
2. webpack has not yet re-run to reflect updates.
3. You have misconfigured Webpacker's config/webpacker.yml file.
4. Your webpack configuration is not creating a manifest.
Your manifest contains:
{
}
):
     7:     <%= csp_meta_tag %>
     8: 
     9:     <%= stylesheet_link_tag 'application', media: 'all', 'data-turbolinks-track': 'reload' %>
    10:     <%= javascript_pack_tag 'application', 'data-turbolinks-track': 'reload' %>
    11:   </head>
    12: 
    13:   <body>
  
app/views/layouts/application.html.erb:10
Started GET "/" for 127.0.0.1 at 2021-04-02 21:44:50 +0200
Processing by SiteController#index as HTML
  Rendering layout layouts/application.html.erb
  Rendering site/index.html.erb within layouts/application
  Rendered site/index.html.erb within layouts/application (Duration: 0.1ms | Allocations: 39)
[Webpacker] Compiling...
[Webpacker] Compilation failed:
CLI for webpack must be installed.
  webpack-cli (https://github.com/webpack/webpack-cli)

We will use "yarn" to install the CLI via "yarn add -D webpack-cli".
Do you want to install 'webpack-cli' (yes/no): 
  Rendered layout layouts/application.html.erb (Duration: 2766.5ms | Allocations: 5187)
Completed 500 Internal Server Error in 2769ms (ActiveRecord: 0.0ms | Allocations: 5546)


  
ActionView::Template::Error (Webpacker can't find application.js in /Users/ramsey/Documents/Projects/ABB/dotRamsey-final/public/packs/manifest.json. Possible causes:
1. You want to set webpacker.yml value of compile to true for your environment
   unless you are using the `webpack -w` or the webpack-dev-server.
2. webpack has not yet re-run to reflect updates.
3. You have misconfigured Webpacker's config/webpacker.yml file.
4. Your webpack configuration is not creating a manifest.
Your manifest contains:
{
}
):
     7:     <%= csp_meta_tag %>
     8: 
     9:     <%= stylesheet_link_tag 'application', media: 'all', 'data-turbolinks-track': 'reload' %>
    10:     <%= javascript_pack_tag 'application', 'data-turbolinks-track': 'reload' %>
    11:   </head>
    12: 
    13:   <body>
  
app/views/layouts/application.html.erb:10
